<?xml version="1.0" encoding="UTF-8"?>
<!-- Generated by org.testng.reporters.JUnitReportReporter -->
<testsuite skipped="0" hostname="LAPTOP-1J85D07A" name="com.acti.Testcases.Tc01_Login" tests="3" failures="0" timestamp="02 Dec 2019 02:59:02 GMT" time="38.864" errors="0">
  <testcase name="testverifyTitle" time="11.652" classname="com.acti.Testcases.Tc01_Login"/>
  <testcase name="testVerifyLogoDisplayed" time="11.293" classname="com.acti.Testcases.Tc01_Login"/>
  <testcase name="testValidateLoginFunction" time="15.919" classname="com.acti.Testcases.Tc01_Login"/>
</testsuite> <!-- com.acti.Testcases.Tc01_Login -->
